0 info it worked if it ends with ok
1 verbose cli [ '/usr/bin/nodejs',
1 verbose cli   '/usr/bin/npm',
1 verbose cli   'install',
1 verbose cli   'jquery',
1 verbose cli   '--save' ]
2 info using npm@1.3.10
3 info using node@v0.10.25
4 warn package.json task-0@0.0.0 No README data
5 verbose readDependencies using package.json deps
6 verbose cache add [ 'jquery', null ]
7 verbose cache add name=undefined spec="jquery" args=["jquery",null]
8 verbose parsed url { protocol: null,
8 verbose parsed url   slashes: null,
8 verbose parsed url   auth: null,
8 verbose parsed url   host: null,
8 verbose parsed url   port: null,
8 verbose parsed url   hostname: null,
8 verbose parsed url   hash: null,
8 verbose parsed url   search: null,
8 verbose parsed url   query: null,
8 verbose parsed url   pathname: 'jquery',
8 verbose parsed url   path: 'jquery',
8 verbose parsed url   href: 'jquery' }
9 silly lockFile 6f2ab963-jquery jquery
10 verbose lock jquery /root/.npm/6f2ab963-jquery.lock
11 silly lockFile 6f2ab963-jquery jquery
12 silly lockFile 6f2ab963-jquery jquery
13 verbose addNamed [ 'jquery', '' ]
14 verbose addNamed [ null, '*' ]
15 silly lockFile 039e748d-jquery jquery@
16 verbose lock jquery@ /root/.npm/039e748d-jquery.lock
17 silly addNameRange { name: 'jquery', range: '*', hasData: false }
18 verbose url raw jquery
19 verbose url resolving [ 'https://registry.npmjs.org/', './jquery' ]
20 verbose url resolved https://registry.npmjs.org/jquery
21 info trying registry request attempt 1 at 12:10:59
22 http GET https://registry.npmjs.org/jquery
23 info retry will retry, error on last attempt: Error: tunneling socket could not be established, cause=getaddrinfo ENOTFOUND
24 info trying registry request attempt 2 at 12:11:09
25 http GET https://registry.npmjs.org/jquery
26 info retry will retry, error on last attempt: Error: tunneling socket could not be established, cause=getaddrinfo ENOTFOUND
27 info trying registry request attempt 3 at 12:12:09
28 http GET https://registry.npmjs.org/jquery
29 silly lockFile 039e748d-jquery jquery@
30 silly lockFile 039e748d-jquery jquery@
31 error network tunneling socket could not be established, cause=getaddrinfo ENOTFOUND
31 error network This is most likely not a problem with npm itself
31 error network and is related to network connectivity.
31 error network In most cases you are behind a proxy or have bad network settings.
31 error network
31 error network If you are behind a proxy, please make sure that the
31 error network 'proxy' config is set properly.  See: 'npm help config'
32 error System Linux 5.3.0-1032-aws
33 error command "/usr/bin/nodejs" "/usr/bin/npm" "install" "jquery" "--save"
34 error cwd /alx-react/0x00-Webpack/task-0
35 error node -v v0.10.25
36 error npm -v 1.3.10
37 error code ECONNRESET
38 verbose exit [ 1, true ]
